<?xml version="1.0" encoding="UTF-8"?>
<!-- Generated by org.testng.reporters.JUnitXMLReporter -->
<testsuite ignored="0" hostname="Ajay" failures="1" tests="2" name="Test" time="8.23" errors="0" timestamp="21 Aug 2024 18:23:28 GMT">
  <testcase classname="ord.testng.ListenersPractice" name="login" time="0.16"/>
  <testcase classname="ord.testng.ListenersPractice" name="assertFailingCheck" time="5.841">
    <failure type="java.lang.AssertionError" message="expected [true] but found [false]">
      <![CDATA[java.lang.AssertionError: expected [true] but found [false]
at ord.testng.ListenersPractice.assertFailingCheck(ListenersPractice.java:38)
... Removed 31 stack frames]]>
    </failure>
  </testcase> <!-- assertFailingCheck -->
</testsuite> <!-- Test -->
