<?xml version="1.0" encoding="UTF-8"?>
<testng-results ignored="0" total="1" passed="1" failed="0" skipped="0">
  <reporter-output>
  </reporter-output>
  <suite started-at="2024-08-10T07:52:25Z" name="Default suite" finished-at="2024-08-10T07:52:33Z" duration-ms="8296">
    <groups>
      <group name="cucumber">
        <method signature="AbstractTestNGCucumberTests.runScenario(cucumber.api.testng.PickleEventWrapper, cucumber.api.testng.CucumberFeatureWrapper)[pri:0, instance:runner.Runner@3d9c13b5]" name="runScenario" class="cucumber.api.testng.AbstractTestNGCucumberTests"/>
      </group> <!-- cucumber -->
    </groups>
    <test started-at="2024-08-10T07:52:25Z" name="Default test" finished-at="2024-08-10T07:52:33Z" duration-ms="8296">
      <class name="runner.Runner">
        <test-method is-config="true" signature="setUpClass()[pri:0, instance:runner.Runner@3d9c13b5]" started-at="2024-08-10T07:52:25Z" name="setUpClass" finished-at="2024-08-10T07:52:25Z" duration-ms="127" status="PASS">
          <reporter-output>
          </reporter-output>
        </test-method> <!-- setUpClass -->
        <test-method signature="runScenario(cucumber.api.testng.PickleEventWrapper, cucumber.api.testng.CucumberFeatureWrapper)[pri:0, instance:runner.Runner@3d9c13b5]" started-at="2024-08-10T07:52:25Z" name="runScenario" description="Runs Cucumber Scenarios" data-provider="scenarios" finished-at="2024-08-10T07:52:33Z" duration-ms="8132" status="PASS">
          <params>
            <param index="0">
              <value>
                <![CDATA["Login Testing"]]>
              </value>
            </param>
            <param index="1">
              <value>
                <![CDATA["AddactInn Application"]]>
              </value>
            </param>
          </params>
          <reporter-output>
          </reporter-output>
        </test-method> <!-- runScenario -->
        <test-method is-config="true" signature="tearDownClass()[pri:0, instance:runner.Runner@3d9c13b5]" started-at="2024-08-10T07:52:33Z" name="tearDownClass" finished-at="2024-08-10T07:52:33Z" duration-ms="10" status="PASS">
          <reporter-output>
          </reporter-output>
        </test-method> <!-- tearDownClass -->
      </class> <!-- runner.Runner -->
    </test> <!-- Default test -->
  </suite> <!-- Default suite -->
</testng-results>
