<?xml version="1.0" encoding="UTF-8"?>
<testng-results ignored="0" total="2" passed="2" failed="0" skipped="0">
  <reporter-output>
  </reporter-output>
  <suite started-at="2024-08-09T10:43:13Z" name="Default suite" finished-at="2024-08-09T10:43:33Z" duration-ms="19747">
    <groups>
      <group name="cucumber">
        <method signature="AbstractTestNGCucumberTests.runScenario(cucumber.api.testng.PickleEventWrapper, cucumber.api.testng.CucumberFeatureWrapper)[pri:0, instance:TestRunner.LoginRunner@3d9c13b5]" name="runScenario" class="cucumber.api.testng.AbstractTestNGCucumberTests"/>
      </group> <!-- cucumber -->
    </groups>
    <test started-at="2024-08-09T10:43:13Z" name="Default test" finished-at="2024-08-09T10:43:33Z" duration-ms="19747">
      <class name="TestRunner.LoginRunner">
        <test-method is-config="true" signature="setUpClass()[pri:0, instance:TestRunner.LoginRunner@3d9c13b5]" started-at="2024-08-09T10:43:13Z" name="setUpClass" finished-at="2024-08-09T10:43:14Z" duration-ms="553" status="PASS">
          <reporter-output>
          </reporter-output>
        </test-method> <!-- setUpClass -->
        <test-method signature="runScenario(cucumber.api.testng.PickleEventWrapper, cucumber.api.testng.CucumberFeatureWrapper)[pri:0, instance:TestRunner.LoginRunner@3d9c13b5]" started-at="2024-08-09T10:43:14Z" name="runScenario" description="Runs Cucumber Scenarios" data-provider="scenarios" finished-at="2024-08-09T10:43:23Z" duration-ms="8516" status="PASS">
          <params>
            <param index="0">
              <value>
                <![CDATA["Login should be successful"]]>
              </value>
            </param>
            <param index="1">
              <value>
                <![CDATA["Addactin Application tests"]]>
              </value>
            </param>
          </params>
          <reporter-output>
          </reporter-output>
        </test-method> <!-- runScenario -->
        <test-method signature="runScenario(cucumber.api.testng.PickleEventWrapper, cucumber.api.testng.CucumberFeatureWrapper)[pri:0, instance:TestRunner.LoginRunner@3d9c13b5]" started-at="2024-08-09T10:43:23Z" name="runScenario" description="Runs Cucumber Scenarios" data-provider="scenarios" finished-at="2024-08-09T10:43:33Z" duration-ms="10115" status="PASS">
          <params>
            <param index="0">
              <value>
                <![CDATA["Login should not be successful"]]>
              </value>
            </param>
            <param index="1">
              <value>
                <![CDATA["Addactin Application tests"]]>
              </value>
            </param>
          </params>
          <reporter-output>
          </reporter-output>
        </test-method> <!-- runScenario -->
        <test-method is-config="true" signature="tearDownClass()[pri:0, instance:TestRunner.LoginRunner@3d9c13b5]" started-at="2024-08-09T10:43:33Z" name="tearDownClass" finished-at="2024-08-09T10:43:33Z" duration-ms="502" status="PASS">
          <reporter-output>
          </reporter-output>
        </test-method> <!-- tearDownClass -->
      </class> <!-- TestRunner.LoginRunner -->
    </test> <!-- Default test -->
  </suite> <!-- Default suite -->
</testng-results>
