<?xml version="1.0" encoding="UTF-8"?>
<testng-results ignored="0" total="2" passed="2" failed="0" skipped="0">
  <reporter-output>
  </reporter-output>
  <suite started-at="2024-08-31T16:39:31Z" name="Suite" finished-at="2024-08-31T16:39:36Z" duration-ms="5304">
    <groups>
    </groups>
    <test started-at="2024-08-31T16:39:31Z" name="Test" finished-at="2024-08-31T16:39:36Z" duration-ms="5304">
      <class name="testCases.LoginApplication">
        <test-method is-config="true" signature="launchBrowser()[pri:0, instance:testCases.LoginApplication@56928307]" started-at="2024-08-31T16:39:34Z" name="launchBrowser" finished-at="2024-08-31T16:39:35Z" duration-ms="1231" status="PASS">
          <reporter-output>
          </reporter-output>
        </test-method> <!-- launchBrowser -->
        <test-method signature="loginApllication()[pri:0, instance:testCases.LoginApplication@56928307]" started-at="2024-08-31T16:39:35Z" name="loginApllication" finished-at="2024-08-31T16:39:36Z" duration-ms="680" status="PASS">
          <reporter-output>
          </reporter-output>
        </test-method> <!-- loginApllication -->
        <test-method is-config="true" signature="tearDown()[pri:0, instance:testCases.LoginApplication@56928307]" started-at="2024-08-31T16:39:36Z" name="tearDown" finished-at="2024-08-31T16:39:36Z" duration-ms="124" status="PASS">
          <reporter-output>
          </reporter-output>
        </test-method> <!-- tearDown -->
      </class> <!-- testCases.LoginApplication -->
      <class name="testCases.AccountRegistrationTC001">
        <test-method is-config="true" signature="launchBrowser()[pri:0, instance:testCases.AccountRegistrationTC001@5ba88be8]" started-at="2024-08-31T16:39:31Z" name="launchBrowser" finished-at="2024-08-31T16:39:32Z" duration-ms="1735" status="PASS">
          <reporter-output>
          </reporter-output>
        </test-method> <!-- launchBrowser -->
        <test-method signature="accountCreation()[pri:0, instance:testCases.AccountRegistrationTC001@5ba88be8]" started-at="2024-08-31T16:39:32Z" name="accountCreation" finished-at="2024-08-31T16:39:34Z" duration-ms="1331" status="PASS">
          <reporter-output>
          </reporter-output>
        </test-method> <!-- accountCreation -->
        <test-method is-config="true" signature="tearDown()[pri:0, instance:testCases.AccountRegistrationTC001@5ba88be8]" started-at="2024-08-31T16:39:34Z" name="tearDown" finished-at="2024-08-31T16:39:34Z" duration-ms="191" status="PASS">
          <reporter-output>
          </reporter-output>
        </test-method> <!-- tearDown -->
      </class> <!-- testCases.AccountRegistrationTC001 -->
    </test> <!-- Test -->
  </suite> <!-- Suite -->
</testng-results>
