<?xml version="1.0" encoding="UTF-8"?>
<testng-results ignored="0" total="1" passed="1" failed="0" skipped="0">
  <reporter-output>
  </reporter-output>
  <suite started-at="2024-09-01T08:35:26Z" name="Suite" finished-at="2024-09-01T08:36:46Z" duration-ms="80534">
    <groups>
      <group name="Master">
        <method signature="EndToEnd.EndToEndTestCase()[pri:1, instance:testCases.EndToEnd@1603cd68]" name="EndToEndTestCase" class="testCases.EndToEnd"/>
      </group> <!-- Master -->
    </groups>
    <test started-at="2024-09-01T08:35:26Z" name="Test" finished-at="2024-09-01T08:36:46Z" duration-ms="80534">
      <class name="testCases.EndToEnd">
        <test-method is-config="true" signature="launchBrowser(java.lang.String, java.lang.String)[pri:0, instance:testCases.EndToEnd@1603cd68]" started-at="2024-09-01T08:35:26Z" name="launchBrowser" finished-at="2024-09-01T08:35:29Z" duration-ms="3245" status="PASS">
          <params>
            <param index="0">
              <value>
                <![CDATA[windows]]>
              </value>
            </param>
            <param index="1">
              <value>
                <![CDATA[chrome]]>
              </value>
            </param>
          </params>
          <reporter-output>
          </reporter-output>
        </test-method> <!-- launchBrowser -->
        <test-method signature="EndToEndTestCase()[pri:1, instance:testCases.EndToEnd@1603cd68]" started-at="2024-09-01T08:35:29Z" name="EndToEndTestCase" finished-at="2024-09-01T08:36:46Z" duration-ms="76837" status="PASS">
          <reporter-output>
          </reporter-output>
        </test-method> <!-- EndToEndTestCase -->
        <test-method is-config="true" signature="tearDown()[pri:0, instance:testCases.EndToEnd@1603cd68]" started-at="2024-09-01T08:36:46Z" name="tearDown" finished-at="2024-09-01T08:36:46Z" duration-ms="431" status="PASS">
          <reporter-output>
          </reporter-output>
        </test-method> <!-- tearDown -->
      </class> <!-- testCases.EndToEnd -->
    </test> <!-- Test -->
  </suite> <!-- Suite -->
</testng-results>
