<?xml version="1.0" encoding="UTF-8"?>
<testng-results ignored="0" total="5" passed="5" failed="0" skipped="0">
  <reporter-output>
  </reporter-output>
  <suite started-at="2024-08-31T10:05:07Z" name="Suite" finished-at="2024-08-31T10:05:54Z" duration-ms="46949">
    <groups>
      <group name="Datadriven">
        <method signature="TC003_LoginDDT.verifyLoginDDT(java.lang.String, java.lang.String, java.lang.String)[pri:0, instance:testCases.TC003_LoginDDT@120f102b]" name="verifyLoginDDT" class="testCases.TC003_LoginDDT"/>
      </group> <!-- Datadriven -->
    </groups>
    <test started-at="2024-08-31T10:05:07Z" name="Test" finished-at="2024-08-31T10:05:54Z" duration-ms="46949">
      <class name="testCases.TC003_LoginDDT">
        <test-method is-config="true" signature="setup(java.lang.String, java.lang.String)[pri:0, instance:testCases.TC003_LoginDDT@120f102b]" started-at="2024-08-31T10:05:07Z" name="setup" finished-at="2024-08-31T10:05:11Z" duration-ms="3804" status="PASS">
          <params>
            <param index="0">
              <value>
                <![CDATA[windows]]>
              </value>
            </param>
            <param index="1">
              <value>
                <![CDATA[chrome]]>
              </value>
            </param>
          </params>
          <reporter-output>
          </reporter-output>
        </test-method> <!-- setup -->
        <test-method signature="verifyLoginDDT(java.lang.String, java.lang.String, java.lang.String)[pri:0, instance:testCases.TC003_LoginDDT@120f102b]" started-at="2024-08-31T10:05:12Z" name="verifyLoginDDT" data-provider="LoginData" finished-at="2024-08-31T10:05:15Z" duration-ms="2516" status="PASS">
          <params>
            <param index="0">
              <value>
                <![CDATA[pavanoltraining@gmail.com]]>
              </value>
            </param>
            <param index="1">
              <value>
                <![CDATA[test@123]]>
              </value>
            </param>
            <param index="2">
              <value>
                <![CDATA[Valid]]>
              </value>
            </param>
          </params>
          <reporter-output>
          </reporter-output>
        </test-method> <!-- verifyLoginDDT -->
        <test-method signature="verifyLoginDDT(java.lang.String, java.lang.String, java.lang.String)[pri:0, instance:testCases.TC003_LoginDDT@120f102b]" started-at="2024-08-31T10:05:15Z" name="verifyLoginDDT" data-provider="LoginData" finished-at="2024-08-31T10:05:17Z" duration-ms="2339" status="PASS">
          <params>
            <param index="0">
              <value>
                <![CDATA[lakshmi@yahoo.com]]>
              </value>
            </param>
            <param index="1">
              <value>
                <![CDATA[Laxmi]]>
              </value>
            </param>
            <param index="2">
              <value>
                <![CDATA[Invalid]]>
              </value>
            </param>
          </params>
          <reporter-output>
          </reporter-output>
        </test-method> <!-- verifyLoginDDT -->
        <test-method signature="verifyLoginDDT(java.lang.String, java.lang.String, java.lang.String)[pri:0, instance:testCases.TC003_LoginDDT@120f102b]" started-at="2024-08-31T10:05:17Z" name="verifyLoginDDT" data-provider="LoginData" finished-at="2024-08-31T10:05:19Z" duration-ms="2391" status="PASS">
          <params>
            <param index="0">
              <value>
                <![CDATA[laksh@yahoo.com]]>
              </value>
            </param>
            <param index="1">
              <value>
                <![CDATA[Lakshmi]]>
              </value>
            </param>
            <param index="2">
              <value>
                <![CDATA[Invalid]]>
              </value>
            </param>
          </params>
          <reporter-output>
          </reporter-output>
        </test-method> <!-- verifyLoginDDT -->
        <test-method signature="verifyLoginDDT(java.lang.String, java.lang.String, java.lang.String)[pri:0, instance:testCases.TC003_LoginDDT@120f102b]" started-at="2024-08-31T10:05:19Z" name="verifyLoginDDT" data-provider="LoginData" finished-at="2024-08-31T10:05:51Z" duration-ms="31894" status="PASS">
          <params>
            <param index="0">
              <value>
                <![CDATA[lak@yahoo.com]]>
              </value>
            </param>
            <param index="1">
              <value>
                <![CDATA[xyz]]>
              </value>
            </param>
            <param index="2">
              <value>
                <![CDATA[Invalid]]>
              </value>
            </param>
          </params>
          <reporter-output>
          </reporter-output>
        </test-method> <!-- verifyLoginDDT -->
        <test-method signature="verifyLoginDDT(java.lang.String, java.lang.String, java.lang.String)[pri:0, instance:testCases.TC003_LoginDDT@120f102b]" started-at="2024-08-31T10:05:51Z" name="verifyLoginDDT" data-provider="LoginData" finished-at="2024-08-31T10:05:54Z" duration-ms="2466" status="PASS">
          <params>
            <param index="0">
              <value>
                <![CDATA[abc123@gmail.com]]>
              </value>
            </param>
            <param index="1">
              <value>
                <![CDATA[test@123]]>
              </value>
            </param>
            <param index="2">
              <value>
                <![CDATA[Valid]]>
              </value>
            </param>
          </params>
          <reporter-output>
          </reporter-output>
        </test-method> <!-- verifyLoginDDT -->
        <test-method is-config="true" signature="tearDown()[pri:0, instance:testCases.TC003_LoginDDT@120f102b]" started-at="2024-08-31T10:05:54Z" name="tearDown" finished-at="2024-08-31T10:05:54Z" duration-ms="249" status="PASS">
          <reporter-output>
          </reporter-output>
        </test-method> <!-- tearDown -->
      </class> <!-- testCases.TC003_LoginDDT -->
    </test> <!-- Test -->
  </suite> <!-- Suite -->
</testng-results>
