<?xml version="1.0" encoding="UTF-8"?>
<!-- Generated by org.testng.reporters.JUnitXMLReporter -->
<testsuite ignored="0" hostname="Ajay" failures="0" tests="5" name="Test" time="46.949" errors="0" timestamp="31 Aug 2024 10:05:54 GMT">
  <testcase classname="testCases.TC003_LoginDDT" name="verifyLoginDDT" time="2.516"/>
  <testcase classname="testCases.TC003_LoginDDT" name="verifyLoginDDT" time="2.339"/>
  <testcase classname="testCases.TC003_LoginDDT" name="verifyLoginDDT" time="2.391"/>
  <testcase classname="testCases.TC003_LoginDDT" name="verifyLoginDDT" time="31.894"/>
  <testcase classname="testCases.TC003_LoginDDT" name="verifyLoginDDT" time="2.466"/>
</testsuite> <!-- Test -->
